CMD:/Users/nik/C/cbp2025/cbp_perceptron /Users/nik/C/cbp2025/perceptron_data/traces/compress_7_trace.gz
5000000 instrs 
10000000 instrs 
15000000 instrs 
20000000 instrs 
25000000 instrs 
30000000 instrs 
35000000 instrs 
40000000 instrs 
45000000 instrs 
50000000 instrs 
55000000 instrs 
60000000 instrs 
65000000 instrs 
70000000 instrs 
75000000 instrs 
80000000 instrs 
85000000 instrs 
90000000 instrs 
95000000 instrs 
100000000 instrs 
105000000 instrs 
110000000 instrs 
115000000 instrs 
120000000 instrs 
125000000 instrs 
130000000 instrs 
EOF
WINDOW_SIZE = 1024
FETCH_WIDTH = 16
FETCH_NUM_BRANCH = 16
FETCH_STOP_AT_INDIRECT = 1
FETCH_STOP_AT_TAKEN = 1
FETCH_MODEL_ICACHE = 1
PERFECT_BRANCH_PRED = 0
PERFECT_INDIRECT_PRED = 1
PIPELINE_FILL_LATENCY = 10
NUM_LDST_LANES = 8
NUM_ALU_LANES = 16
MEMORY HIERARCHY CONFIGURATION---------------------
STRIDE Prefetcher = 1
PERFECT_CACHE = 0
WRITE_ALLOCATE = 1
Within-pipeline factors:
	AGEN latency = 1 cycle
	Store Queue (SQ): SQ size = window size, oracle memory disambiguation, store-load forwarding = 1 cycle after store's or load's agen.
	* Note: A store searches the L1$ at commit. The store is released
	* from the SQ and window, whether it hits or misses. Store misses
	* are buffered until the block is allocated and the store is
	* performed in the L1$. While buffered, conflicting loads get
	* the store's data as they would from the SQ.
I$: 128 KB, 8-way set-assoc., 64B block size
L1$: 128 KB, 8-way set-assoc., 64B block size, 3-cycle search latency
L2$: 4 MB, 8-way set-assoc., 64B block size, 12-cycle search latency
L3$: 32 MB, 16-way set-assoc., 128B block size, 50-cycle search latency
Main Memory: 150-cycle fixed search time
---------------------------STORE QUEUE MEASUREMENTS (Full Simulation i.e. Counts Not Reset When Warmup Ends)---------------------------
Number of loads: 27831304
Number of loads that miss in SQ: 25145166 (90.35%)
Number of PFs issued to the memory system 3187936
---------------------------------------------------------------------------------------------------------------------------------------
------------------------MEMORY HIERARCHY MEASUREMENTS (Full Simulation i.e. Counts Not Reset When Warmup Ends)-------------------------
I$:
	accesses   = 143423550
	misses     = 3741
	miss ratio = 0.00%
	pf accesses   = 0
	pf misses     = 0
	pf miss ratio = nan%
L1$:
	accesses   = 46731303
	misses     = 1560028
	miss ratio = 3.34%
	pf accesses   = 3187936
	pf misses     = 265115
	pf miss ratio = 8.32%
L2$:
	accesses   = 1563769
	misses     = 431411
	miss ratio = 27.59%
	pf accesses   = 265115
	pf misses     = 7084
	pf miss ratio = 2.67%
L3$:
	accesses   = 431411
	misses     = 153074
	miss ratio = 35.48%
	pf accesses   = 7084
	pf misses     = 1688
	pf miss ratio = 23.83%
---------------------------------------------------------------------------------------------------------------------------------------
----------------------------------------------Prefetcher (Full Simulation i.e. No Warmup)----------------------------------------------
Num Trainings :27831304
Num Prefetches generated :3421166
Num Prefetches issued :9221877
Num Prefetches filtered by PF queue :1624956
Num untimely prefetches dropped from PF queue :233230
Num prefetches not issued LDST contention :6033941
Num prefetches not issued stride 0 :7453234
---------------------------------------------------------------------------------------------------------------------------------------

-------------------------------ILP LIMIT STUDY (Full Simulation i.e. Counts Not Reset When Warmup Ends)--------------------------------
instructions = 130000052
cycles       = 37562086
CycWP        = 21698835
IPC          = 3.4609

---------------------------------------------------------------------------------------------------------------------------------------

-----------------------------------------------BRANCH PREDICTION MEASUREMENTS (Full Simulation i.e. Counts Not Reset When Warmup Ends)----------------------------------------------
Type                   NumBr     MispBr        mr     mpki
CondDirect         15042451    1323899   8.8011%  10.1838
JumpDirect          1776967          0   0.0000%   0.0000
JumpIndirect          80975          0   0.0000%   0.0000
JumpReturn           451415          0   0.0000%   0.0000
Not control       126071742          0   0.0000%   0.0000
------------------------------------------------------------------------------------------------------------------------------------------------------------------------------------

------------------------------------------------------DIRECT CONDITIONAL BRANCH PREDICTION MEASUREMENTS (Last 10M instructions)-----------------------------------------------------
       Instr       Cycles      IPC      NumBr     MispBr BrPerCyc MispBrPerCyc        MR     MPKI      CycWP   CycWPAvg   CycWPPKI
    10000052      2442486   4.0942    1156351      65615   0.4734       0.0269   5.6743%   6.5615    1254009    19.1116   125.4002
------------------------------------------------------------------------------------------------------------------------------------------------------------------------------------

------------------------------------------------------DIRECT CONDITIONAL BRANCH PREDICTION MEASUREMENTS (Last 25M instructions)-----------------------------------------------------
       Instr       Cycles      IPC      NumBr     MispBr BrPerCyc MispBrPerCyc        MR     MPKI      CycWP   CycWPAvg   CycWPPKI
    25000052      6571672   3.8042    2901507     207709   0.4415       0.0316   7.1587%   8.3083    3633366    17.4926   145.3343
-------------------------------------------------------------------------------------------------------------------------------------------------------------------------------------

---------------------------------------------------------DIRECT CONDITIONAL BRANCH PREDICTION MEASUREMENTS (50 Perc instructions)---------------------------------------------------
       Instr       Cycles      IPC      NumBr     MispBr BrPerCyc MispBrPerCyc        MR     MPKI      CycWP   CycWPAvg   CycWPPKI
    65000052     17952316   3.6207    7447474     584379   0.4148       0.0326   7.8467%   8.9904    9971330    17.0631   153.4050
------------------------------------------------------------------------------------------------------------------------------------------------------------------------------------

-------------------------------------DIRECT CONDITIONAL BRANCH PREDICTION MEASUREMENTS (Full Simulation i.e. Counts Not Reset When Warmup Ends)-------------------------------------
       Instr       Cycles      IPC      NumBr     MispBr BrPerCyc MispBrPerCyc        MR     MPKI      CycWP   CycWPAvg   CycWPPKI
   130000052     37562086   3.4609   15042451    1323899   0.4005       0.0352   8.8011%  10.1838   21698835    16.3901   166.9140
------------------------------------------------------------------------------------------------------------------------------------------------------------------------------------
 Read 130000052 instrs 

ExecTime = 1173.2195947170258
