CMD:/Users/nik/C/cbp2025/cbp_perceptron /Users/nik/C/cbp2025/perceptron_data/traces/infra_15_trace.gz
5000000 instrs 
10000000 instrs 
15000000 instrs 
20000000 instrs 
25000000 instrs 
30000000 instrs 
35000000 instrs 
40000000 instrs 
45000000 instrs 
50000000 instrs 
EOF
WINDOW_SIZE = 1024
FETCH_WIDTH = 16
FETCH_NUM_BRANCH = 16
FETCH_STOP_AT_INDIRECT = 1
FETCH_STOP_AT_TAKEN = 1
FETCH_MODEL_ICACHE = 1
PERFECT_BRANCH_PRED = 0
PERFECT_INDIRECT_PRED = 1
PIPELINE_FILL_LATENCY = 10
NUM_LDST_LANES = 8
NUM_ALU_LANES = 16
MEMORY HIERARCHY CONFIGURATION---------------------
STRIDE Prefetcher = 1
PERFECT_CACHE = 0
WRITE_ALLOCATE = 1
Within-pipeline factors:
	AGEN latency = 1 cycle
	Store Queue (SQ): SQ size = window size, oracle memory disambiguation, store-load forwarding = 1 cycle after store's or load's agen.
	* Note: A store searches the L1$ at commit. The store is released
	* from the SQ and window, whether it hits or misses. Store misses
	* are buffered until the block is allocated and the store is
	* performed in the L1$. While buffered, conflicting loads get
	* the store's data as they would from the SQ.
I$: 128 KB, 8-way set-assoc., 64B block size
L1$: 128 KB, 8-way set-assoc., 64B block size, 3-cycle search latency
L2$: 4 MB, 8-way set-assoc., 64B block size, 12-cycle search latency
L3$: 32 MB, 16-way set-assoc., 128B block size, 50-cycle search latency
Main Memory: 150-cycle fixed search time
---------------------------STORE QUEUE MEASUREMENTS (Full Simulation i.e. Counts Not Reset When Warmup Ends)---------------------------
Number of loads: 13583555
Number of loads that miss in SQ: 11119424 (81.86%)
Number of PFs issued to the memory system 317820
---------------------------------------------------------------------------------------------------------------------------------------
------------------------MEMORY HIERARCHY MEASUREMENTS (Full Simulation i.e. Counts Not Reset When Warmup Ends)-------------------------
I$:
	accesses   = 52860714
	misses     = 327
	miss ratio = 0.00%
	pf accesses   = 0
	pf misses     = 0
	pf miss ratio = nan%
L1$:
	accesses   = 20790186
	misses     = 646643
	miss ratio = 3.11%
	pf accesses   = 317820
	pf misses     = 13096
	pf miss ratio = 4.12%
L2$:
	accesses   = 646970
	misses     = 356915
	miss ratio = 55.17%
	pf accesses   = 13096
	pf misses     = 6143
	pf miss ratio = 46.91%
L3$:
	accesses   = 356915
	misses     = 178887
	miss ratio = 50.12%
	pf accesses   = 6143
	pf misses     = 1751
	pf miss ratio = 28.50%
---------------------------------------------------------------------------------------------------------------------------------------
----------------------------------------------Prefetcher (Full Simulation i.e. No Warmup)----------------------------------------------
Num Trainings :13583555
Num Prefetches generated :324274
Num Prefetches issued :461141
Num Prefetches filtered by PF queue :18261
Num untimely prefetches dropped from PF queue :6454
Num prefetches not issued LDST contention :143321
Num prefetches not issued stride 0 :7479325
---------------------------------------------------------------------------------------------------------------------------------------

-------------------------------ILP LIMIT STUDY (Full Simulation i.e. Counts Not Reset When Warmup Ends)--------------------------------
instructions = 50000052
cycles       = 46448684
CycWP        = 42479789
IPC          = 1.0765

---------------------------------------------------------------------------------------------------------------------------------------

-----------------------------------------------BRANCH PREDICTION MEASUREMENTS (Full Simulation i.e. Counts Not Reset When Warmup Ends)----------------------------------------------
Type                   NumBr     MispBr        mr     mpki
CondDirect          6957507     845314  12.1497%  16.9063
JumpDirect           929473          0   0.0000%   0.0000
JumpIndirect             13          0   0.0000%   0.0000
JumpReturn           453906          0   0.0000%   0.0000
Not control        44519815          0   0.0000%   0.0000
------------------------------------------------------------------------------------------------------------------------------------------------------------------------------------

------------------------------------------------------DIRECT CONDITIONAL BRANCH PREDICTION MEASUREMENTS (Last 10M instructions)-----------------------------------------------------
       Instr       Cycles      IPC      NumBr     MispBr BrPerCyc MispBrPerCyc        MR     MPKI      CycWP   CycWPAvg   CycWPPKI
    10000052      3783493   2.6431    1365242     157403   0.3608       0.0416  11.5293%  15.7402    2929977    18.6145   292.9962
------------------------------------------------------------------------------------------------------------------------------------------------------------------------------------

------------------------------------------------------DIRECT CONDITIONAL BRANCH PREDICTION MEASUREMENTS (Last 25M instructions)-----------------------------------------------------
       Instr       Cycles      IPC      NumBr     MispBr BrPerCyc MispBrPerCyc        MR     MPKI      CycWP   CycWPAvg   CycWPPKI
    25000052     10029656   2.4926    3466846     386038   0.3457       0.0385  11.1351%  15.4415    7978882    20.6686   319.1546
-------------------------------------------------------------------------------------------------------------------------------------------------------------------------------------

---------------------------------------------------------DIRECT CONDITIONAL BRANCH PREDICTION MEASUREMENTS (50 Perc instructions)---------------------------------------------------
       Instr       Cycles      IPC      NumBr     MispBr BrPerCyc MispBrPerCyc        MR     MPKI      CycWP   CycWPAvg   CycWPPKI
    25000052     10029656   2.4926    3466846     386038   0.3457       0.0385  11.1351%  15.4415    7978882    20.6686   319.1546
------------------------------------------------------------------------------------------------------------------------------------------------------------------------------------

-------------------------------------DIRECT CONDITIONAL BRANCH PREDICTION MEASUREMENTS (Full Simulation i.e. Counts Not Reset When Warmup Ends)-------------------------------------
       Instr       Cycles      IPC      NumBr     MispBr BrPerCyc MispBrPerCyc        MR     MPKI      CycWP   CycWPAvg   CycWPPKI
    50000052     46448684   1.0765    6957507     845314   0.1498       0.0182  12.1497%  16.9063   42479789    50.2533   849.5949
------------------------------------------------------------------------------------------------------------------------------------------------------------------------------------
 Read 50000052 instrs 

ExecTime = 489.39885115623474
