CMD:./cbp_perceptron /Users/nik/C/cbp2025/perceptron_data/traces/int_36_trace.gz
5000000 instrs 
10000000 instrs 
15000000 instrs 
20000000 instrs 
25000000 instrs 
30000000 instrs 
35000000 instrs 
40000000 instrs 
45000000 instrs 
50000000 instrs 
EOF
WINDOW_SIZE = 1024
FETCH_WIDTH = 16
FETCH_NUM_BRANCH = 16
FETCH_STOP_AT_INDIRECT = 1
FETCH_STOP_AT_TAKEN = 1
FETCH_MODEL_ICACHE = 1
PERFECT_BRANCH_PRED = 0
PERFECT_INDIRECT_PRED = 1
PIPELINE_FILL_LATENCY = 10
NUM_LDST_LANES = 8
NUM_ALU_LANES = 16
MEMORY HIERARCHY CONFIGURATION---------------------
STRIDE Prefetcher = 1
PERFECT_CACHE = 0
WRITE_ALLOCATE = 1
Within-pipeline factors:
	AGEN latency = 1 cycle
	Store Queue (SQ): SQ size = window size, oracle memory disambiguation, store-load forwarding = 1 cycle after store's or load's agen.
	* Note: A store searches the L1$ at commit. The store is released
	* from the SQ and window, whether it hits or misses. Store misses
	* are buffered until the block is allocated and the store is
	* performed in the L1$. While buffered, conflicting loads get
	* the store's data as they would from the SQ.
I$: 128 KB, 8-way set-assoc., 64B block size
L1$: 128 KB, 8-way set-assoc., 64B block size, 3-cycle search latency
L2$: 4 MB, 8-way set-assoc., 64B block size, 12-cycle search latency
L3$: 32 MB, 16-way set-assoc., 128B block size, 50-cycle search latency
Main Memory: 150-cycle fixed search time
---------------------------STORE QUEUE MEASUREMENTS (Full Simulation i.e. Counts Not Reset When Warmup Ends)---------------------------
Number of loads: 16097187
Number of loads that miss in SQ: 13981720 (86.86%)
Number of PFs issued to the memory system 1411372
---------------------------------------------------------------------------------------------------------------------------------------
------------------------MEMORY HIERARCHY MEASUREMENTS (Full Simulation i.e. Counts Not Reset When Warmup Ends)-------------------------
I$:
	accesses   = 62889815
	misses     = 453631
	miss ratio = 0.72%
	pf accesses   = 0
	pf misses     = 0
	pf miss ratio = nan%
L1$:
	accesses   = 25589321
	misses     = 507296
	miss ratio = 1.98%
	pf accesses   = 1411372
	pf misses     = 103301
	pf miss ratio = 7.32%
L2$:
	accesses   = 960927
	misses     = 381671
	miss ratio = 39.72%
	pf accesses   = 103301
	pf misses     = 61006
	pf miss ratio = 59.06%
L3$:
	accesses   = 381671
	misses     = 171282
	miss ratio = 44.88%
	pf accesses   = 61006
	pf misses     = 25810
	pf miss ratio = 42.31%
---------------------------------------------------------------------------------------------------------------------------------------
----------------------------------------------Prefetcher (Full Simulation i.e. No Warmup)----------------------------------------------
Num Trainings :16097187
Num Prefetches generated :1414396
Num Prefetches issued :1567144
Num Prefetches filtered by PF queue :10221
Num untimely prefetches dropped from PF queue :3024
Num prefetches not issued LDST contention :155772
Num prefetches not issued stride 0 :3867764
---------------------------------------------------------------------------------------------------------------------------------------

-------------------------------ILP LIMIT STUDY (Full Simulation i.e. Counts Not Reset When Warmup Ends)--------------------------------
instructions = 53761949
cycles       = 61583437
CycWP        = 39148891
IPC          = 0.8730

---------------------------------------------------------------------------------------------------------------------------------------

-----------------------------------------------BRANCH PREDICTION MEASUREMENTS (Full Simulation i.e. Counts Not Reset When Warmup Ends)----------------------------------------------
Type                   NumBr     MispBr        mr     mpki
CondDirect          7755130    1606286  20.7126%  29.8777
JumpDirect          1734977          0   0.0000%   0.0000
JumpIndirect         511447          0   0.0000%   0.0000
JumpReturn          1265090          0   0.0000%   0.0000
Not control        51623171          0   0.0000%   0.0000
------------------------------------------------------------------------------------------------------------------------------------------------------------------------------------

------------------------------------------------------DIRECT CONDITIONAL BRANCH PREDICTION MEASUREMENTS (Last 10M instructions)-----------------------------------------------------
       Instr       Cycles      IPC      NumBr     MispBr BrPerCyc MispBrPerCyc        MR     MPKI      CycWP   CycWPAvg   CycWPPKI
    10761949     10920877   0.9854    1611180     330907   0.1475       0.0303  20.5382%  30.7479    7418292    22.4181   689.3075
------------------------------------------------------------------------------------------------------------------------------------------------------------------------------------

------------------------------------------------------DIRECT CONDITIONAL BRANCH PREDICTION MEASUREMENTS (Last 25M instructions)-----------------------------------------------------
       Instr       Cycles      IPC      NumBr     MispBr BrPerCyc MispBrPerCyc        MR     MPKI      CycWP   CycWPAvg   CycWPPKI
    25761949     25984622   0.9914    3841981     751704   0.1479       0.0289  19.5655%  29.1788   17056209    22.6901   662.0698
-------------------------------------------------------------------------------------------------------------------------------------------------------------------------------------

---------------------------------------------------------DIRECT CONDITIONAL BRANCH PREDICTION MEASUREMENTS (50 Perc instructions)---------------------------------------------------
       Instr       Cycles      IPC      NumBr     MispBr BrPerCyc MispBrPerCyc        MR     MPKI      CycWP   CycWPAvg   CycWPPKI
    27761949     28435413   0.9763    4116890     820014   0.1448       0.0288  19.9183%  29.5373   18656324    22.7512   672.0106
------------------------------------------------------------------------------------------------------------------------------------------------------------------------------------

-------------------------------------DIRECT CONDITIONAL BRANCH PREDICTION MEASUREMENTS (Full Simulation i.e. Counts Not Reset When Warmup Ends)-------------------------------------
       Instr       Cycles      IPC      NumBr     MispBr BrPerCyc MispBrPerCyc        MR     MPKI      CycWP   CycWPAvg   CycWPPKI
    53761949     61583437   0.8730    7755130    1606286   0.1259       0.0261  20.7126%  29.8777   39148891    24.3723   728.1896
------------------------------------------------------------------------------------------------------------------------------------------------------------------------------------
 Read 53761949 instrs 

ExecTime = 545.1987500190735
