CMD:./cbp_perceptron /Users/nik/C/cbp2025/perceptron_data/traces/web_25_trace.gz
5000000 instrs 
10000000 instrs 
EOF
WINDOW_SIZE = 1024
FETCH_WIDTH = 16
FETCH_NUM_BRANCH = 16
FETCH_STOP_AT_INDIRECT = 1
FETCH_STOP_AT_TAKEN = 1
FETCH_MODEL_ICACHE = 1
PERFECT_BRANCH_PRED = 0
PERFECT_INDIRECT_PRED = 1
PIPELINE_FILL_LATENCY = 10
NUM_LDST_LANES = 8
NUM_ALU_LANES = 16
MEMORY HIERARCHY CONFIGURATION---------------------
STRIDE Prefetcher = 1
PERFECT_CACHE = 0
WRITE_ALLOCATE = 1
Within-pipeline factors:
	AGEN latency = 1 cycle
	Store Queue (SQ): SQ size = window size, oracle memory disambiguation, store-load forwarding = 1 cycle after store's or load's agen.
	* Note: A store searches the L1$ at commit. The store is released
	* from the SQ and window, whether it hits or misses. Store misses
	* are buffered until the block is allocated and the store is
	* performed in the L1$. While buffered, conflicting loads get
	* the store's data as they would from the SQ.
I$: 128 KB, 8-way set-assoc., 64B block size
L1$: 128 KB, 8-way set-assoc., 64B block size, 3-cycle search latency
L2$: 4 MB, 8-way set-assoc., 64B block size, 12-cycle search latency
L3$: 32 MB, 16-way set-assoc., 128B block size, 50-cycle search latency
Main Memory: 150-cycle fixed search time
---------------------------STORE QUEUE MEASUREMENTS (Full Simulation i.e. Counts Not Reset When Warmup Ends)---------------------------
Number of loads: 4415777
Number of loads that miss in SQ: 3802462 (86.11%)
Number of PFs issued to the memory system 219347
---------------------------------------------------------------------------------------------------------------------------------------
------------------------MEMORY HIERARCHY MEASUREMENTS (Full Simulation i.e. Counts Not Reset When Warmup Ends)-------------------------
I$:
	accesses   = 16640979
	misses     = 62955
	miss ratio = 0.38%
	pf accesses   = 0
	pf misses     = 0
	pf miss ratio = nan%
L1$:
	accesses   = 6143019
	misses     = 121329
	miss ratio = 1.98%
	pf accesses   = 219347
	pf misses     = 5093
	pf miss ratio = 2.32%
L2$:
	accesses   = 184284
	misses     = 39224
	miss ratio = 21.28%
	pf accesses   = 5093
	pf misses     = 400
	pf miss ratio = 7.85%
L3$:
	accesses   = 39224
	misses     = 22064
	miss ratio = 56.25%
	pf accesses   = 400
	pf misses     = 205
	pf miss ratio = 51.25%
---------------------------------------------------------------------------------------------------------------------------------------
----------------------------------------------Prefetcher (Full Simulation i.e. No Warmup)----------------------------------------------
Num Trainings :4415777
Num Prefetches generated :220889
Num Prefetches issued :431571
Num Prefetches filtered by PF queue :6951
Num untimely prefetches dropped from PF queue :1542
Num prefetches not issued LDST contention :212224
Num prefetches not issued stride 0 :1145425
---------------------------------------------------------------------------------------------------------------------------------------

-------------------------------ILP LIMIT STUDY (Full Simulation i.e. Counts Not Reset When Warmup Ends)--------------------------------
instructions = 14999989
cycles       = 11023442
CycWP        = 7004136
IPC          = 1.3607

---------------------------------------------------------------------------------------------------------------------------------------

-----------------------------------------------BRANCH PREDICTION MEASUREMENTS (Full Simulation i.e. Counts Not Reset When Warmup Ends)----------------------------------------------
Type                   NumBr     MispBr        mr     mpki
CondDirect          2548670     282599  11.0881%  18.8399
JumpDirect           181682          0   0.0000%   0.0000
JumpIndirect          98902          0   0.0000%   0.0000
JumpReturn           139852          0   0.0000%   0.0000
Not control        13671873          0   0.0000%   0.0000
------------------------------------------------------------------------------------------------------------------------------------------------------------------------------------

------------------------------------------------------DIRECT CONDITIONAL BRANCH PREDICTION MEASUREMENTS (Last 10M instructions)-----------------------------------------------------
       Instr       Cycles      IPC      NumBr     MispBr BrPerCyc MispBrPerCyc        MR     MPKI      CycWP   CycWPAvg   CycWPPKI
    10999989      6383674   1.7231    1870860     189270   0.2931       0.0296  10.1167%  17.2064    4734768    25.0159   430.4339
------------------------------------------------------------------------------------------------------------------------------------------------------------------------------------

------------------------------------------------------DIRECT CONDITIONAL BRANCH PREDICTION MEASUREMENTS (Last 25M instructions)-----------------------------------------------------
       Instr       Cycles      IPC      NumBr     MispBr BrPerCyc MispBrPerCyc        MR     MPKI      CycWP   CycWPAvg   CycWPPKI
    14999989     11023442   1.3607    2548670     282599   0.2312       0.0256  11.0881%  18.8399    7004136    24.7847   466.9427
-------------------------------------------------------------------------------------------------------------------------------------------------------------------------------------

---------------------------------------------------------DIRECT CONDITIONAL BRANCH PREDICTION MEASUREMENTS (50 Perc instructions)---------------------------------------------------
       Instr       Cycles      IPC      NumBr     MispBr BrPerCyc MispBrPerCyc        MR     MPKI      CycWP   CycWPAvg   CycWPPKI
     7999989      4555751   1.7560    1342253     135225   0.2946       0.0297  10.0745%  16.9031    3433994    25.3947   429.2498
------------------------------------------------------------------------------------------------------------------------------------------------------------------------------------

-------------------------------------DIRECT CONDITIONAL BRANCH PREDICTION MEASUREMENTS (Full Simulation i.e. Counts Not Reset When Warmup Ends)-------------------------------------
       Instr       Cycles      IPC      NumBr     MispBr BrPerCyc MispBrPerCyc        MR     MPKI      CycWP   CycWPAvg   CycWPPKI
    14999989     11023442   1.3607    2548670     282599   0.2312       0.0256  11.0881%  18.8399    7004136    24.7847   466.9427
------------------------------------------------------------------------------------------------------------------------------------------------------------------------------------
 Read 14999989 instrs 

ExecTime = 193.95197010040283
