CMD:/Users/nik/C/cbp2025/cbp_perceptron /Users/nik/C/cbp2025/perceptron_data/traces/media_3_trace.gz
5000000 instrs 
10000000 instrs 
15000000 instrs 
20000000 instrs 
EOF
WINDOW_SIZE = 1024
FETCH_WIDTH = 16
FETCH_NUM_BRANCH = 16
FETCH_STOP_AT_INDIRECT = 1
FETCH_STOP_AT_TAKEN = 1
FETCH_MODEL_ICACHE = 1
PERFECT_BRANCH_PRED = 0
PERFECT_INDIRECT_PRED = 1
PIPELINE_FILL_LATENCY = 10
NUM_LDST_LANES = 8
NUM_ALU_LANES = 16
MEMORY HIERARCHY CONFIGURATION---------------------
STRIDE Prefetcher = 1
PERFECT_CACHE = 0
WRITE_ALLOCATE = 1
Within-pipeline factors:
	AGEN latency = 1 cycle
	Store Queue (SQ): SQ size = window size, oracle memory disambiguation, store-load forwarding = 1 cycle after store's or load's agen.
	* Note: A store searches the L1$ at commit. The store is released
	* from the SQ and window, whether it hits or misses. Store misses
	* are buffered until the block is allocated and the store is
	* performed in the L1$. While buffered, conflicting loads get
	* the store's data as they would from the SQ.
I$: 128 KB, 8-way set-assoc., 64B block size
L1$: 128 KB, 8-way set-assoc., 64B block size, 3-cycle search latency
L2$: 4 MB, 8-way set-assoc., 64B block size, 12-cycle search latency
L3$: 32 MB, 16-way set-assoc., 128B block size, 50-cycle search latency
Main Memory: 150-cycle fixed search time
---------------------------STORE QUEUE MEASUREMENTS (Full Simulation i.e. Counts Not Reset When Warmup Ends)---------------------------
Number of loads: 5528910
Number of loads that miss in SQ: 4469496 (80.84%)
Number of PFs issued to the memory system 628266
---------------------------------------------------------------------------------------------------------------------------------------
------------------------MEMORY HIERARCHY MEASUREMENTS (Full Simulation i.e. Counts Not Reset When Warmup Ends)-------------------------
I$:
	accesses   = 25633385
	misses     = 4126
	miss ratio = 0.02%
	pf accesses   = 0
	pf misses     = 0
	pf miss ratio = nan%
L1$:
	accesses   = 7816636
	misses     = 9983
	miss ratio = 0.13%
	pf accesses   = 628266
	pf misses     = 1527
	pf miss ratio = 0.24%
L2$:
	accesses   = 14109
	misses     = 5668
	miss ratio = 40.17%
	pf accesses   = 1527
	pf misses     = 814
	pf miss ratio = 53.31%
L3$:
	accesses   = 5668
	misses     = 3243
	miss ratio = 57.22%
	pf accesses   = 814
	pf misses     = 481
	pf miss ratio = 59.09%
---------------------------------------------------------------------------------------------------------------------------------------
----------------------------------------------Prefetcher (Full Simulation i.e. No Warmup)----------------------------------------------
Num Trainings :5528910
Num Prefetches generated :663659
Num Prefetches issued :2878044
Num Prefetches filtered by PF queue :227441
Num untimely prefetches dropped from PF queue :35393
Num prefetches not issued LDST contention :2249778
Num prefetches not issued stride 0 :1370082
---------------------------------------------------------------------------------------------------------------------------------------

-------------------------------ILP LIMIT STUDY (Full Simulation i.e. Counts Not Reset When Warmup Ends)--------------------------------
instructions = 20000046
cycles       = 5933016
CycWP        = 3356865
IPC          = 3.3710

---------------------------------------------------------------------------------------------------------------------------------------

-----------------------------------------------BRANCH PREDICTION MEASUREMENTS (Full Simulation i.e. Counts Not Reset When Warmup Ends)----------------------------------------------
Type                   NumBr     MispBr        mr     mpki
CondDirect          1130407     194762  17.2294%   9.7381
JumpDirect           262037          0   0.0000%   0.0000
JumpIndirect         101821          0   0.0000%   0.0000
JumpReturn           221710          0   0.0000%   0.0000
Not control        23917410          0   0.0000%   0.0000
------------------------------------------------------------------------------------------------------------------------------------------------------------------------------------

------------------------------------------------------DIRECT CONDITIONAL BRANCH PREDICTION MEASUREMENTS (Last 10M instructions)-----------------------------------------------------
       Instr       Cycles      IPC      NumBr     MispBr BrPerCyc MispBrPerCyc        MR     MPKI      CycWP   CycWPAvg   CycWPPKI
    10000046      2835335   3.5269     568763      98069   0.2006       0.0346  17.2425%   9.8069    1683757    17.1691   168.3749
------------------------------------------------------------------------------------------------------------------------------------------------------------------------------------

------------------------------------------------------DIRECT CONDITIONAL BRANCH PREDICTION MEASUREMENTS (Last 25M instructions)-----------------------------------------------------
       Instr       Cycles      IPC      NumBr     MispBr BrPerCyc MispBrPerCyc        MR     MPKI      CycWP   CycWPAvg   CycWPPKI
    20000046      5933016   3.3710    1130407     194762   0.1905       0.0328  17.2294%   9.7381    3356865    17.2357   167.8429
-------------------------------------------------------------------------------------------------------------------------------------------------------------------------------------

---------------------------------------------------------DIRECT CONDITIONAL BRANCH PREDICTION MEASUREMENTS (50 Perc instructions)---------------------------------------------------
       Instr       Cycles      IPC      NumBr     MispBr BrPerCyc MispBrPerCyc        MR     MPKI      CycWP   CycWPAvg   CycWPPKI
    10000046      2835335   3.5269     568763      98069   0.2006       0.0346  17.2425%   9.8069    1683757    17.1691   168.3749
------------------------------------------------------------------------------------------------------------------------------------------------------------------------------------

-------------------------------------DIRECT CONDITIONAL BRANCH PREDICTION MEASUREMENTS (Full Simulation i.e. Counts Not Reset When Warmup Ends)-------------------------------------
       Instr       Cycles      IPC      NumBr     MispBr BrPerCyc MispBrPerCyc        MR     MPKI      CycWP   CycWPAvg   CycWPPKI
    20000046      5933016   3.3710    1130407     194762   0.1905       0.0328  17.2294%   9.7381    3356865    17.2357   167.8429
------------------------------------------------------------------------------------------------------------------------------------------------------------------------------------
 Read 20000046 instrs 

ExecTime = 261.6612207889557
