CMD:./cbp_perceptron /Users/nik/C/cbp2025/perceptron_data/traces/web_25_trace.gz
5000000 instrs 
10000000 instrs 
EOF
WINDOW_SIZE = 1024
FETCH_WIDTH = 16
FETCH_NUM_BRANCH = 16
FETCH_STOP_AT_INDIRECT = 1
FETCH_STOP_AT_TAKEN = 1
FETCH_MODEL_ICACHE = 1
PERFECT_BRANCH_PRED = 0
PERFECT_INDIRECT_PRED = 1
PIPELINE_FILL_LATENCY = 10
NUM_LDST_LANES = 8
NUM_ALU_LANES = 16
MEMORY HIERARCHY CONFIGURATION---------------------
STRIDE Prefetcher = 1
PERFECT_CACHE = 0
WRITE_ALLOCATE = 1
Within-pipeline factors:
	AGEN latency = 1 cycle
	Store Queue (SQ): SQ size = window size, oracle memory disambiguation, store-load forwarding = 1 cycle after store's or load's agen.
	* Note: A store searches the L1$ at commit. The store is released
	* from the SQ and window, whether it hits or misses. Store misses
	* are buffered until the block is allocated and the store is
	* performed in the L1$. While buffered, conflicting loads get
	* the store's data as they would from the SQ.
I$: 128 KB, 8-way set-assoc., 64B block size
L1$: 128 KB, 8-way set-assoc., 64B block size, 3-cycle search latency
L2$: 4 MB, 8-way set-assoc., 64B block size, 12-cycle search latency
L3$: 32 MB, 16-way set-assoc., 128B block size, 50-cycle search latency
Main Memory: 150-cycle fixed search time
---------------------------STORE QUEUE MEASUREMENTS (Full Simulation i.e. Counts Not Reset When Warmup Ends)---------------------------
Number of loads: 4415777
Number of loads that miss in SQ: 3950924 (89.47%)
Number of PFs issued to the memory system 223314
---------------------------------------------------------------------------------------------------------------------------------------
------------------------MEMORY HIERARCHY MEASUREMENTS (Full Simulation i.e. Counts Not Reset When Warmup Ends)-------------------------
I$:
	accesses   = 16640979
	misses     = 62955
	miss ratio = 0.38%
	pf accesses   = 0
	pf misses     = 0
	pf miss ratio = nan%
L1$:
	accesses   = 6143019
	misses     = 121322
	miss ratio = 1.97%
	pf accesses   = 223314
	pf misses     = 5102
	pf miss ratio = 2.28%
L2$:
	accesses   = 184277
	misses     = 39225
	miss ratio = 21.29%
	pf accesses   = 5102
	pf misses     = 399
	pf miss ratio = 7.82%
L3$:
	accesses   = 39225
	misses     = 22064
	miss ratio = 56.25%
	pf accesses   = 399
	pf misses     = 205
	pf miss ratio = 51.38%
---------------------------------------------------------------------------------------------------------------------------------------
----------------------------------------------Prefetcher (Full Simulation i.e. No Warmup)----------------------------------------------
Num Trainings :4415777
Num Prefetches generated :224440
Num Prefetches issued :316061
Num Prefetches filtered by PF queue :3400
Num untimely prefetches dropped from PF queue :1126
Num prefetches not issued LDST contention :92747
Num prefetches not issued stride 0 :1145425
---------------------------------------------------------------------------------------------------------------------------------------

-------------------------------ILP LIMIT STUDY (Full Simulation i.e. Counts Not Reset When Warmup Ends)--------------------------------
instructions = 14999989
cycles       = 12875656
CycWP        = 8969746
IPC          = 1.1650

---------------------------------------------------------------------------------------------------------------------------------------

-----------------------------------------------BRANCH PREDICTION MEASUREMENTS (Full Simulation i.e. Counts Not Reset When Warmup Ends)----------------------------------------------
Type                   NumBr     MispBr        mr     mpki
CondDirect          2548670     399231  15.6643%  26.6154
JumpDirect           181682          0   0.0000%   0.0000
JumpIndirect          98902          0   0.0000%   0.0000
JumpReturn           139852          0   0.0000%   0.0000
Not control        13671873          0   0.0000%   0.0000
------------------------------------------------------------------------------------------------------------------------------------------------------------------------------------

------------------------------------------------------DIRECT CONDITIONAL BRANCH PREDICTION MEASUREMENTS (Last 10M instructions)-----------------------------------------------------
       Instr       Cycles      IPC      NumBr     MispBr BrPerCyc MispBrPerCyc        MR     MPKI      CycWP   CycWPAvg   CycWPPKI
    10999989      7584640   1.4503    1870860     266663   0.2467       0.0352  14.2535%  24.2421    6005169    22.5197   545.9250
------------------------------------------------------------------------------------------------------------------------------------------------------------------------------------

------------------------------------------------------DIRECT CONDITIONAL BRANCH PREDICTION MEASUREMENTS (Last 25M instructions)-----------------------------------------------------
       Instr       Cycles      IPC      NumBr     MispBr BrPerCyc MispBrPerCyc        MR     MPKI      CycWP   CycWPAvg   CycWPPKI
    14999989     12875656   1.1650    2548670     399231   0.1979       0.0310  15.6643%  26.6154    8969746    22.4676   597.9835
-------------------------------------------------------------------------------------------------------------------------------------------------------------------------------------

---------------------------------------------------------DIRECT CONDITIONAL BRANCH PREDICTION MEASUREMENTS (50 Perc instructions)---------------------------------------------------
       Instr       Cycles      IPC      NumBr     MispBr BrPerCyc MispBrPerCyc        MR     MPKI      CycWP   CycWPAvg   CycWPPKI
     7999989      5425271   1.4746    1342253     191162   0.2474       0.0352  14.2419%  23.8953    4354088    22.7770   544.2617
------------------------------------------------------------------------------------------------------------------------------------------------------------------------------------

-------------------------------------DIRECT CONDITIONAL BRANCH PREDICTION MEASUREMENTS (Full Simulation i.e. Counts Not Reset When Warmup Ends)-------------------------------------
       Instr       Cycles      IPC      NumBr     MispBr BrPerCyc MispBrPerCyc        MR     MPKI      CycWP   CycWPAvg   CycWPPKI
    14999989     12875656   1.1650    2548670     399231   0.1979       0.0310  15.6643%  26.6154    8969746    22.4676   597.9835
------------------------------------------------------------------------------------------------------------------------------------------------------------------------------------
 Read 14999989 instrs 

ExecTime = 170.49939107894897
