CMD:./cbp_perceptron /Users/nik/C/cbp2025/perceptron_data/traces/int_36_trace.gz
5000000 instrs 
10000000 instrs 
15000000 instrs 
20000000 instrs 
25000000 instrs 
30000000 instrs 
35000000 instrs 
40000000 instrs 
45000000 instrs 
50000000 instrs 
EOF
WINDOW_SIZE = 1024
FETCH_WIDTH = 16
FETCH_NUM_BRANCH = 16
FETCH_STOP_AT_INDIRECT = 1
FETCH_STOP_AT_TAKEN = 1
FETCH_MODEL_ICACHE = 1
PERFECT_BRANCH_PRED = 0
PERFECT_INDIRECT_PRED = 1
PIPELINE_FILL_LATENCY = 10
NUM_LDST_LANES = 8
NUM_ALU_LANES = 16
MEMORY HIERARCHY CONFIGURATION---------------------
STRIDE Prefetcher = 1
PERFECT_CACHE = 0
WRITE_ALLOCATE = 1
Within-pipeline factors:
	AGEN latency = 1 cycle
	Store Queue (SQ): SQ size = window size, oracle memory disambiguation, store-load forwarding = 1 cycle after store's or load's agen.
	* Note: A store searches the L1$ at commit. The store is released
	* from the SQ and window, whether it hits or misses. Store misses
	* are buffered until the block is allocated and the store is
	* performed in the L1$. While buffered, conflicting loads get
	* the store's data as they would from the SQ.
I$: 128 KB, 8-way set-assoc., 64B block size
L1$: 128 KB, 8-way set-assoc., 64B block size, 3-cycle search latency
L2$: 4 MB, 8-way set-assoc., 64B block size, 12-cycle search latency
L3$: 32 MB, 16-way set-assoc., 128B block size, 50-cycle search latency
Main Memory: 150-cycle fixed search time
---------------------------STORE QUEUE MEASUREMENTS (Full Simulation i.e. Counts Not Reset When Warmup Ends)---------------------------
Number of loads: 16097187
Number of loads that miss in SQ: 12965288 (80.54%)
Number of PFs issued to the memory system 1364949
---------------------------------------------------------------------------------------------------------------------------------------
------------------------MEMORY HIERARCHY MEASUREMENTS (Full Simulation i.e. Counts Not Reset When Warmup Ends)-------------------------
I$:
	accesses   = 62889815
	misses     = 453631
	miss ratio = 0.72%
	pf accesses   = 0
	pf misses     = 0
	pf miss ratio = nan%
L1$:
	accesses   = 25589321
	misses     = 507307
	miss ratio = 1.98%
	pf accesses   = 1364949
	pf misses     = 103286
	pf miss ratio = 7.57%
L2$:
	accesses   = 960938
	misses     = 381692
	miss ratio = 39.72%
	pf accesses   = 103286
	pf misses     = 60981
	pf miss ratio = 59.04%
L3$:
	accesses   = 381692
	misses     = 171293
	miss ratio = 44.88%
	pf accesses   = 60981
	pf misses     = 25797
	pf miss ratio = 42.30%
---------------------------------------------------------------------------------------------------------------------------------------
----------------------------------------------Prefetcher (Full Simulation i.e. No Warmup)----------------------------------------------
Num Trainings :16097187
Num Prefetches generated :1366907
Num Prefetches issued :2052915
Num Prefetches filtered by PF queue :57710
Num untimely prefetches dropped from PF queue :1958
Num prefetches not issued LDST contention :687966
Num prefetches not issued stride 0 :3867764
---------------------------------------------------------------------------------------------------------------------------------------

-------------------------------ILP LIMIT STUDY (Full Simulation i.e. Counts Not Reset When Warmup Ends)--------------------------------
instructions = 53761949
cycles       = 50869934
CycWP        = 27418360
IPC          = 1.0569

---------------------------------------------------------------------------------------------------------------------------------------

-----------------------------------------------BRANCH PREDICTION MEASUREMENTS (Full Simulation i.e. Counts Not Reset When Warmup Ends)----------------------------------------------
Type                   NumBr     MispBr        mr     mpki
CondDirect          7755130    1045897  13.4865%  19.4542
JumpDirect          1734977          0   0.0000%   0.0000
JumpIndirect         511447          0   0.0000%   0.0000
JumpReturn          1265090          0   0.0000%   0.0000
Not control        51623171          0   0.0000%   0.0000
------------------------------------------------------------------------------------------------------------------------------------------------------------------------------------

------------------------------------------------------DIRECT CONDITIONAL BRANCH PREDICTION MEASUREMENTS (Last 10M instructions)-----------------------------------------------------
       Instr       Cycles      IPC      NumBr     MispBr BrPerCyc MispBrPerCyc        MR     MPKI      CycWP   CycWPAvg   CycWPPKI
    10761949      8691960   1.2381    1611180     209443   0.1854       0.0241  12.9994%  19.4614    4993901    23.8437   464.0331
------------------------------------------------------------------------------------------------------------------------------------------------------------------------------------

------------------------------------------------------DIRECT CONDITIONAL BRANCH PREDICTION MEASUREMENTS (Last 25M instructions)-----------------------------------------------------
       Instr       Cycles      IPC      NumBr     MispBr BrPerCyc MispBrPerCyc        MR     MPKI      CycWP   CycWPAvg   CycWPPKI
    25761949     20687739   1.2453    3841981     483052   0.1857       0.0233  12.5730%  18.7506   11275198    23.3416   437.6687
-------------------------------------------------------------------------------------------------------------------------------------------------------------------------------------

---------------------------------------------------------DIRECT CONDITIONAL BRANCH PREDICTION MEASUREMENTS (50 Perc instructions)---------------------------------------------------
       Instr       Cycles      IPC      NumBr     MispBr BrPerCyc MispBrPerCyc        MR     MPKI      CycWP   CycWPAvg   CycWPPKI
    27761949     22649442   1.2257    4116890     526522   0.1818       0.0232  12.7893%  18.9656   12326346    23.4109   444.0015
------------------------------------------------------------------------------------------------------------------------------------------------------------------------------------

-------------------------------------DIRECT CONDITIONAL BRANCH PREDICTION MEASUREMENTS (Full Simulation i.e. Counts Not Reset When Warmup Ends)-------------------------------------
       Instr       Cycles      IPC      NumBr     MispBr BrPerCyc MispBrPerCyc        MR     MPKI      CycWP   CycWPAvg   CycWPPKI
    53761949     50869934   1.0569    7755130    1045897   0.1525       0.0206  13.4865%  19.4542   27418360    26.2152   509.9956
------------------------------------------------------------------------------------------------------------------------------------------------------------------------------------
 Read 53761949 instrs 

ExecTime = 608.8899810314178
