CMD:./cbp_perceptron /Users/nik/C/cbp2025/perceptron_data/traces/compress_7_trace.gz
5000000 instrs 
10000000 instrs 
15000000 instrs 
20000000 instrs 
25000000 instrs 
30000000 instrs 
35000000 instrs 
40000000 instrs 
45000000 instrs 
50000000 instrs 
55000000 instrs 
60000000 instrs 
65000000 instrs 
70000000 instrs 
75000000 instrs 
80000000 instrs 
85000000 instrs 
90000000 instrs 
95000000 instrs 
100000000 instrs 
105000000 instrs 
110000000 instrs 
115000000 instrs 
120000000 instrs 
125000000 instrs 
130000000 instrs 
EOF
WINDOW_SIZE = 1024
FETCH_WIDTH = 16
FETCH_NUM_BRANCH = 16
FETCH_STOP_AT_INDIRECT = 1
FETCH_STOP_AT_TAKEN = 1
FETCH_MODEL_ICACHE = 1
PERFECT_BRANCH_PRED = 0
PERFECT_INDIRECT_PRED = 1
PIPELINE_FILL_LATENCY = 10
NUM_LDST_LANES = 8
NUM_ALU_LANES = 16
MEMORY HIERARCHY CONFIGURATION---------------------
STRIDE Prefetcher = 1
PERFECT_CACHE = 0
WRITE_ALLOCATE = 1
Within-pipeline factors:
	AGEN latency = 1 cycle
	Store Queue (SQ): SQ size = window size, oracle memory disambiguation, store-load forwarding = 1 cycle after store's or load's agen.
	* Note: A store searches the L1$ at commit. The store is released
	* from the SQ and window, whether it hits or misses. Store misses
	* are buffered until the block is allocated and the store is
	* performed in the L1$. While buffered, conflicting loads get
	* the store's data as they would from the SQ.
I$: 128 KB, 8-way set-assoc., 64B block size
L1$: 128 KB, 8-way set-assoc., 64B block size, 3-cycle search latency
L2$: 4 MB, 8-way set-assoc., 64B block size, 12-cycle search latency
L3$: 32 MB, 16-way set-assoc., 128B block size, 50-cycle search latency
Main Memory: 150-cycle fixed search time
---------------------------STORE QUEUE MEASUREMENTS (Full Simulation i.e. Counts Not Reset When Warmup Ends)---------------------------
Number of loads: 27831304
Number of loads that miss in SQ: 24833997 (89.23%)
Number of PFs issued to the memory system 3200031
---------------------------------------------------------------------------------------------------------------------------------------
------------------------MEMORY HIERARCHY MEASUREMENTS (Full Simulation i.e. Counts Not Reset When Warmup Ends)-------------------------
I$:
	accesses   = 143423550
	misses     = 3741
	miss ratio = 0.00%
	pf accesses   = 0
	pf misses     = 0
	pf miss ratio = nan%
L1$:
	accesses   = 46731303
	misses     = 1558227
	miss ratio = 3.33%
	pf accesses   = 3200031
	pf misses     = 266919
	pf miss ratio = 8.34%
L2$:
	accesses   = 1561968
	misses     = 431393
	miss ratio = 27.62%
	pf accesses   = 266919
	pf misses     = 7103
	pf miss ratio = 2.66%
L3$:
	accesses   = 431393
	misses     = 153063
	miss ratio = 35.48%
	pf accesses   = 7103
	pf misses     = 1699
	pf miss ratio = 23.92%
---------------------------------------------------------------------------------------------------------------------------------------
----------------------------------------------Prefetcher (Full Simulation i.e. No Warmup)----------------------------------------------
Num Trainings :27831304
Num Prefetches generated :3431431
Num Prefetches issued :9227273
Num Prefetches filtered by PF queue :1614691
Num untimely prefetches dropped from PF queue :231400
Num prefetches not issued LDST contention :6027242
Num prefetches not issued stride 0 :7453234
---------------------------------------------------------------------------------------------------------------------------------------

-------------------------------ILP LIMIT STUDY (Full Simulation i.e. Counts Not Reset When Warmup Ends)--------------------------------
instructions = 130000052
cycles       = 36493589
CycWP        = 20608963
IPC          = 3.5623

---------------------------------------------------------------------------------------------------------------------------------------

-----------------------------------------------BRANCH PREDICTION MEASUREMENTS (Full Simulation i.e. Counts Not Reset When Warmup Ends)----------------------------------------------
Type                   NumBr     MispBr        mr     mpki
CondDirect         15042451    1259106   8.3704%   9.6854
JumpDirect          1776967          0   0.0000%   0.0000
JumpIndirect          80975          0   0.0000%   0.0000
JumpReturn           451415          0   0.0000%   0.0000
Not control       126071742          0   0.0000%   0.0000
------------------------------------------------------------------------------------------------------------------------------------------------------------------------------------

------------------------------------------------------DIRECT CONDITIONAL BRANCH PREDICTION MEASUREMENTS (Last 10M instructions)-----------------------------------------------------
       Instr       Cycles      IPC      NumBr     MispBr BrPerCyc MispBrPerCyc        MR     MPKI      CycWP   CycWPAvg   CycWPPKI
    10000052      2406134   4.1561    1156351      64210   0.4806       0.0267   5.5528%   6.4210    1219583    18.9937   121.9577
------------------------------------------------------------------------------------------------------------------------------------------------------------------------------------

------------------------------------------------------DIRECT CONDITIONAL BRANCH PREDICTION MEASUREMENTS (Last 25M instructions)-----------------------------------------------------
       Instr       Cycles      IPC      NumBr     MispBr BrPerCyc MispBrPerCyc        MR     MPKI      CycWP   CycWPAvg   CycWPPKI
    25000052      6453868   3.8737    2901507     202654   0.4496       0.0314   6.9844%   8.1061    3520183    17.3704   140.8070
-------------------------------------------------------------------------------------------------------------------------------------------------------------------------------------

---------------------------------------------------------DIRECT CONDITIONAL BRANCH PREDICTION MEASUREMENTS (50 Perc instructions)---------------------------------------------------
       Instr       Cycles      IPC      NumBr     MispBr BrPerCyc MispBrPerCyc        MR     MPKI      CycWP   CycWPAvg   CycWPPKI
    65000052     17605586   3.6920    7447474     566999   0.4230       0.0322   7.6133%   8.7231    9628042    16.9807   148.1236
------------------------------------------------------------------------------------------------------------------------------------------------------------------------------------

-------------------------------------DIRECT CONDITIONAL BRANCH PREDICTION MEASUREMENTS (Full Simulation i.e. Counts Not Reset When Warmup Ends)-------------------------------------
       Instr       Cycles      IPC      NumBr     MispBr BrPerCyc MispBrPerCyc        MR     MPKI      CycWP   CycWPAvg   CycWPPKI
   130000052     36493589   3.5623   15042451    1259106   0.4122       0.0345   8.3704%   9.6854   20608963    16.3679   158.5304
------------------------------------------------------------------------------------------------------------------------------------------------------------------------------------
 Read 130000052 instrs 

ExecTime = 1127.6493010520935
