CMD:/Users/nik/C/cbp2025/cbp_perceptron /Users/nik/C/cbp2025/perceptron_data/traces/fp_13_trace.gz
5000000 instrs 
10000000 instrs 
15000000 instrs 
20000000 instrs 
25000000 instrs 
30000000 instrs 
35000000 instrs 
40000000 instrs 
EOF
WINDOW_SIZE = 1024
FETCH_WIDTH = 16
FETCH_NUM_BRANCH = 16
FETCH_STOP_AT_INDIRECT = 1
FETCH_STOP_AT_TAKEN = 1
FETCH_MODEL_ICACHE = 1
PERFECT_BRANCH_PRED = 0
PERFECT_INDIRECT_PRED = 1
PIPELINE_FILL_LATENCY = 10
NUM_LDST_LANES = 8
NUM_ALU_LANES = 16
MEMORY HIERARCHY CONFIGURATION---------------------
STRIDE Prefetcher = 1
PERFECT_CACHE = 0
WRITE_ALLOCATE = 1
Within-pipeline factors:
	AGEN latency = 1 cycle
	Store Queue (SQ): SQ size = window size, oracle memory disambiguation, store-load forwarding = 1 cycle after store's or load's agen.
	* Note: A store searches the L1$ at commit. The store is released
	* from the SQ and window, whether it hits or misses. Store misses
	* are buffered until the block is allocated and the store is
	* performed in the L1$. While buffered, conflicting loads get
	* the store's data as they would from the SQ.
I$: 128 KB, 8-way set-assoc., 64B block size
L1$: 128 KB, 8-way set-assoc., 64B block size, 3-cycle search latency
L2$: 4 MB, 8-way set-assoc., 64B block size, 12-cycle search latency
L3$: 32 MB, 16-way set-assoc., 128B block size, 50-cycle search latency
Main Memory: 150-cycle fixed search time
---------------------------STORE QUEUE MEASUREMENTS (Full Simulation i.e. Counts Not Reset When Warmup Ends)---------------------------
Number of loads: 11568530
Number of loads that miss in SQ: 11167466 (96.53%)
Number of PFs issued to the memory system 2098212
---------------------------------------------------------------------------------------------------------------------------------------
------------------------MEMORY HIERARCHY MEASUREMENTS (Full Simulation i.e. Counts Not Reset When Warmup Ends)-------------------------
I$:
	accesses   = 46819291
	misses     = 92
	miss ratio = 0.00%
	pf accesses   = 0
	pf misses     = 0
	pf miss ratio = nan%
L1$:
	accesses   = 15970576
	misses     = 252534
	miss ratio = 1.58%
	pf accesses   = 2098212
	pf misses     = 13722
	pf miss ratio = 0.65%
L2$:
	accesses   = 252626
	misses     = 12924
	miss ratio = 5.12%
	pf accesses   = 13722
	pf misses     = 330
	pf miss ratio = 2.40%
L3$:
	accesses   = 12924
	misses     = 6770
	miss ratio = 52.38%
	pf accesses   = 330
	pf misses     = 135
	pf miss ratio = 40.91%
---------------------------------------------------------------------------------------------------------------------------------------
----------------------------------------------Prefetcher (Full Simulation i.e. No Warmup)----------------------------------------------
Num Trainings :11568530
Num Prefetches generated :2098792
Num Prefetches issued :2154109
Num Prefetches filtered by PF queue :1628
Num untimely prefetches dropped from PF queue :580
Num prefetches not issued LDST contention :55897
Num prefetches not issued stride 0 :998735
---------------------------------------------------------------------------------------------------------------------------------------

-------------------------------ILP LIMIT STUDY (Full Simulation i.e. Counts Not Reset When Warmup Ends)--------------------------------
instructions = 40000016
cycles       = 26187546
CycWP        = 22202389
IPC          = 1.5274

---------------------------------------------------------------------------------------------------------------------------------------

-----------------------------------------------BRANCH PREDICTION MEASUREMENTS (Full Simulation i.e. Counts Not Reset When Warmup Ends)----------------------------------------------
Type                   NumBr     MispBr        mr     mpki
CondDirect          6454282    1107465  17.1586%  27.6866
JumpDirect           426170          0   0.0000%   0.0000
JumpIndirect              2          0   0.0000%   0.0000
JumpReturn           122157          0   0.0000%   0.0000
Not control        39816680          0   0.0000%   0.0000
------------------------------------------------------------------------------------------------------------------------------------------------------------------------------------

------------------------------------------------------DIRECT CONDITIONAL BRANCH PREDICTION MEASUREMENTS (Last 10M instructions)-----------------------------------------------------
       Instr       Cycles      IPC      NumBr     MispBr BrPerCyc MispBrPerCyc        MR     MPKI      CycWP   CycWPAvg   CycWPPKI
    10000016      6500577   1.5383    1611383     277244   0.2479       0.0426  17.2053%  27.7244    5506537    19.8617   550.6528
------------------------------------------------------------------------------------------------------------------------------------------------------------------------------------

------------------------------------------------------DIRECT CONDITIONAL BRANCH PREDICTION MEASUREMENTS (Last 25M instructions)-----------------------------------------------------
       Instr       Cycles      IPC      NumBr     MispBr BrPerCyc MispBrPerCyc        MR     MPKI      CycWP   CycWPAvg   CycWPPKI
    25000016     16191921   1.5440    4033379     692594   0.2491       0.0428  17.1716%  27.7037   13707675    19.7918   548.3066
-------------------------------------------------------------------------------------------------------------------------------------------------------------------------------------

---------------------------------------------------------DIRECT CONDITIONAL BRANCH PREDICTION MEASUREMENTS (50 Perc instructions)---------------------------------------------------
       Instr       Cycles      IPC      NumBr     MispBr BrPerCyc MispBrPerCyc        MR     MPKI      CycWP   CycWPAvg   CycWPPKI
    20000016     12933275   1.5464    3233671     554107   0.2500       0.0428  17.1355%  27.7053   10951252    19.7638   547.5622
------------------------------------------------------------------------------------------------------------------------------------------------------------------------------------

-------------------------------------DIRECT CONDITIONAL BRANCH PREDICTION MEASUREMENTS (Full Simulation i.e. Counts Not Reset When Warmup Ends)-------------------------------------
       Instr       Cycles      IPC      NumBr     MispBr BrPerCyc MispBrPerCyc        MR     MPKI      CycWP   CycWPAvg   CycWPPKI
    40000016     26187546   1.5274    6454282    1107465   0.2465       0.0423  17.1586%  27.6866   22202389    20.0479   555.0595
------------------------------------------------------------------------------------------------------------------------------------------------------------------------------------
 Read 40000016 instrs 

ExecTime = 431.062983751297
