CMD:./cbp_perceptron /Users/nik/C/cbp2025/perceptron_data/traces/fp_13_trace.gz
5000000 instrs 
10000000 instrs 
15000000 instrs 
20000000 instrs 
25000000 instrs 
30000000 instrs 
35000000 instrs 
40000000 instrs 
EOF
WINDOW_SIZE = 1024
FETCH_WIDTH = 16
FETCH_NUM_BRANCH = 16
FETCH_STOP_AT_INDIRECT = 1
FETCH_STOP_AT_TAKEN = 1
FETCH_MODEL_ICACHE = 1
PERFECT_BRANCH_PRED = 0
PERFECT_INDIRECT_PRED = 1
PIPELINE_FILL_LATENCY = 10
NUM_LDST_LANES = 8
NUM_ALU_LANES = 16
MEMORY HIERARCHY CONFIGURATION---------------------
STRIDE Prefetcher = 1
PERFECT_CACHE = 0
WRITE_ALLOCATE = 1
Within-pipeline factors:
	AGEN latency = 1 cycle
	Store Queue (SQ): SQ size = window size, oracle memory disambiguation, store-load forwarding = 1 cycle after store's or load's agen.
	* Note: A store searches the L1$ at commit. The store is released
	* from the SQ and window, whether it hits or misses. Store misses
	* are buffered until the block is allocated and the store is
	* performed in the L1$. While buffered, conflicting loads get
	* the store's data as they would from the SQ.
I$: 128 KB, 8-way set-assoc., 64B block size
L1$: 128 KB, 8-way set-assoc., 64B block size, 3-cycle search latency
L2$: 4 MB, 8-way set-assoc., 64B block size, 12-cycle search latency
L3$: 32 MB, 16-way set-assoc., 128B block size, 50-cycle search latency
Main Memory: 150-cycle fixed search time
---------------------------STORE QUEUE MEASUREMENTS (Full Simulation i.e. Counts Not Reset When Warmup Ends)---------------------------
Number of loads: 11568530
Number of loads that miss in SQ: 11023983 (95.29%)
Number of PFs issued to the memory system 2082744
---------------------------------------------------------------------------------------------------------------------------------------
------------------------MEMORY HIERARCHY MEASUREMENTS (Full Simulation i.e. Counts Not Reset When Warmup Ends)-------------------------
I$:
	accesses   = 46819291
	misses     = 92
	miss ratio = 0.00%
	pf accesses   = 0
	pf misses     = 0
	pf miss ratio = nan%
L1$:
	accesses   = 15970576
	misses     = 252535
	miss ratio = 1.58%
	pf accesses   = 2082744
	pf misses     = 13721
	pf miss ratio = 0.66%
L2$:
	accesses   = 252627
	misses     = 12924
	miss ratio = 5.12%
	pf accesses   = 13721
	pf misses     = 330
	pf miss ratio = 2.41%
L3$:
	accesses   = 12924
	misses     = 6770
	miss ratio = 52.38%
	pf accesses   = 330
	pf misses     = 135
	pf miss ratio = 40.91%
---------------------------------------------------------------------------------------------------------------------------------------
----------------------------------------------Prefetcher (Full Simulation i.e. No Warmup)----------------------------------------------
Num Trainings :11568530
Num Prefetches generated :2084470
Num Prefetches issued :2471506
Num Prefetches filtered by PF queue :15950
Num untimely prefetches dropped from PF queue :1726
Num prefetches not issued LDST contention :388762
Num prefetches not issued stride 0 :998735
---------------------------------------------------------------------------------------------------------------------------------------

-------------------------------ILP LIMIT STUDY (Full Simulation i.e. Counts Not Reset When Warmup Ends)--------------------------------
instructions = 40000016
cycles       = 23164403
CycWP        = 19133182
IPC          = 1.7268

---------------------------------------------------------------------------------------------------------------------------------------

-----------------------------------------------BRANCH PREDICTION MEASUREMENTS (Full Simulation i.e. Counts Not Reset When Warmup Ends)----------------------------------------------
Type                   NumBr     MispBr        mr     mpki
CondDirect          6454282     944104  14.6276%  23.6026
JumpDirect           426170          0   0.0000%   0.0000
JumpIndirect              2          0   0.0000%   0.0000
JumpReturn           122157          0   0.0000%   0.0000
Not control        39816680          0   0.0000%   0.0000
------------------------------------------------------------------------------------------------------------------------------------------------------------------------------------

------------------------------------------------------DIRECT CONDITIONAL BRANCH PREDICTION MEASUREMENTS (Last 10M instructions)-----------------------------------------------------
       Instr       Cycles      IPC      NumBr     MispBr BrPerCyc MispBrPerCyc        MR     MPKI      CycWP   CycWPAvg   CycWPPKI
    10000016      5713904   1.7501    1611383     234955   0.2820       0.0411  14.5810%  23.4955    4708374    20.0395   470.8366
------------------------------------------------------------------------------------------------------------------------------------------------------------------------------------

------------------------------------------------------DIRECT CONDITIONAL BRANCH PREDICTION MEASUREMENTS (Last 25M instructions)-----------------------------------------------------
       Instr       Cycles      IPC      NumBr     MispBr BrPerCyc MispBrPerCyc        MR     MPKI      CycWP   CycWPAvg   CycWPPKI
    25000016     14317676   1.7461    4033379     591000   0.2817       0.0413  14.6527%  23.6400   11805705    19.9758   472.2279
-------------------------------------------------------------------------------------------------------------------------------------------------------------------------------------

---------------------------------------------------------DIRECT CONDITIONAL BRANCH PREDICTION MEASUREMENTS (50 Perc instructions)---------------------------------------------------
       Instr       Cycles      IPC      NumBr     MispBr BrPerCyc MispBrPerCyc        MR     MPKI      CycWP   CycWPAvg   CycWPPKI
    20000016     11443144   1.7478    3233671     473468   0.2826       0.0414  14.6418%  23.6734    9439205    19.9363   471.9599
------------------------------------------------------------------------------------------------------------------------------------------------------------------------------------

-------------------------------------DIRECT CONDITIONAL BRANCH PREDICTION MEASUREMENTS (Full Simulation i.e. Counts Not Reset When Warmup Ends)-------------------------------------
       Instr       Cycles      IPC      NumBr     MispBr BrPerCyc MispBrPerCyc        MR     MPKI      CycWP   CycWPAvg   CycWPPKI
    40000016     23164403   1.7268    6454282     944104   0.2786       0.0408  14.6276%  23.6026   19133182    20.2660   478.3294
------------------------------------------------------------------------------------------------------------------------------------------------------------------------------------
 Read 40000016 instrs 

ExecTime = 418.6671209335327
