CMD:./cbp_perceptron /Users/nik/C/cbp2025/perceptron_data/traces/int_36_trace.gz
5000000 instrs 
10000000 instrs 
15000000 instrs 
20000000 instrs 
25000000 instrs 
30000000 instrs 
35000000 instrs 
40000000 instrs 
45000000 instrs 
50000000 instrs 
EOF
WINDOW_SIZE = 1024
FETCH_WIDTH = 16
FETCH_NUM_BRANCH = 16
FETCH_STOP_AT_INDIRECT = 1
FETCH_STOP_AT_TAKEN = 1
FETCH_MODEL_ICACHE = 1
PERFECT_BRANCH_PRED = 0
PERFECT_INDIRECT_PRED = 1
PIPELINE_FILL_LATENCY = 10
NUM_LDST_LANES = 8
NUM_ALU_LANES = 16
MEMORY HIERARCHY CONFIGURATION---------------------
STRIDE Prefetcher = 1
PERFECT_CACHE = 0
WRITE_ALLOCATE = 1
Within-pipeline factors:
	AGEN latency = 1 cycle
	Store Queue (SQ): SQ size = window size, oracle memory disambiguation, store-load forwarding = 1 cycle after store's or load's agen.
	* Note: A store searches the L1$ at commit. The store is released
	* from the SQ and window, whether it hits or misses. Store misses
	* are buffered until the block is allocated and the store is
	* performed in the L1$. While buffered, conflicting loads get
	* the store's data as they would from the SQ.
I$: 128 KB, 8-way set-assoc., 64B block size
L1$: 128 KB, 8-way set-assoc., 64B block size, 3-cycle search latency
L2$: 4 MB, 8-way set-assoc., 64B block size, 12-cycle search latency
L3$: 32 MB, 16-way set-assoc., 128B block size, 50-cycle search latency
Main Memory: 150-cycle fixed search time
---------------------------STORE QUEUE MEASUREMENTS (Full Simulation i.e. Counts Not Reset When Warmup Ends)---------------------------
Number of loads: 16097187
Number of loads that miss in SQ: 14093218 (87.55%)
Number of PFs issued to the memory system 1410834
---------------------------------------------------------------------------------------------------------------------------------------
------------------------MEMORY HIERARCHY MEASUREMENTS (Full Simulation i.e. Counts Not Reset When Warmup Ends)-------------------------
I$:
	accesses   = 62889815
	misses     = 453631
	miss ratio = 0.72%
	pf accesses   = 0
	pf misses     = 0
	pf miss ratio = nan%
L1$:
	accesses   = 25589321
	misses     = 507229
	miss ratio = 1.98%
	pf accesses   = 1410834
	pf misses     = 103368
	pf miss ratio = 7.33%
L2$:
	accesses   = 960860
	misses     = 381616
	miss ratio = 39.72%
	pf accesses   = 103368
	pf misses     = 61061
	pf miss ratio = 59.07%
L3$:
	accesses   = 381616
	misses     = 171231
	miss ratio = 44.87%
	pf accesses   = 61061
	pf misses     = 25861
	pf miss ratio = 42.35%
---------------------------------------------------------------------------------------------------------------------------------------
----------------------------------------------Prefetcher (Full Simulation i.e. No Warmup)----------------------------------------------
Num Trainings :16097187
Num Prefetches generated :1412632
Num Prefetches issued :1506521
Num Prefetches filtered by PF queue :11985
Num untimely prefetches dropped from PF queue :1798
Num prefetches not issued LDST contention :95687
Num prefetches not issued stride 0 :3867764
---------------------------------------------------------------------------------------------------------------------------------------

-------------------------------ILP LIMIT STUDY (Full Simulation i.e. Counts Not Reset When Warmup Ends)--------------------------------
instructions = 53761949
cycles       = 64092238
CycWP        = 41887525
IPC          = 0.8388

---------------------------------------------------------------------------------------------------------------------------------------

-----------------------------------------------BRANCH PREDICTION MEASUREMENTS (Full Simulation i.e. Counts Not Reset When Warmup Ends)----------------------------------------------
Type                   NumBr     MispBr        mr     mpki
CondDirect          7755130    1779172  22.9419%  33.0935
JumpDirect          1734977          0   0.0000%   0.0000
JumpIndirect         511447          0   0.0000%   0.0000
JumpReturn          1265090          0   0.0000%   0.0000
Not control        51623171          0   0.0000%   0.0000
------------------------------------------------------------------------------------------------------------------------------------------------------------------------------------

------------------------------------------------------DIRECT CONDITIONAL BRANCH PREDICTION MEASUREMENTS (Last 10M instructions)-----------------------------------------------------
       Instr       Cycles      IPC      NumBr     MispBr BrPerCyc MispBrPerCyc        MR     MPKI      CycWP   CycWPAvg   CycWPPKI
    10761949     11331412   0.9497    1611180     362054   0.1422       0.0320  22.4714%  33.6420    7858661    21.7058   730.2266
------------------------------------------------------------------------------------------------------------------------------------------------------------------------------------

------------------------------------------------------DIRECT CONDITIONAL BRANCH PREDICTION MEASUREMENTS (Last 25M instructions)-----------------------------------------------------
       Instr       Cycles      IPC      NumBr     MispBr BrPerCyc MispBrPerCyc        MR     MPKI      CycWP   CycWPAvg   CycWPPKI
    25761949     27017233   0.9535    3841981     834409   0.1422       0.0309  21.7182%  32.3892   18165970    21.7711   705.1473
-------------------------------------------------------------------------------------------------------------------------------------------------------------------------------------

---------------------------------------------------------DIRECT CONDITIONAL BRANCH PREDICTION MEASUREMENTS (50 Perc instructions)---------------------------------------------------
       Instr       Cycles      IPC      NumBr     MispBr BrPerCyc MispBrPerCyc        MR     MPKI      CycWP   CycWPAvg   CycWPPKI
    27761949     29566743   0.9390    4116890     907457   0.1392       0.0307  22.0423%  32.6871   19869083    21.8953   715.6948
------------------------------------------------------------------------------------------------------------------------------------------------------------------------------------

-------------------------------------DIRECT CONDITIONAL BRANCH PREDICTION MEASUREMENTS (Full Simulation i.e. Counts Not Reset When Warmup Ends)-------------------------------------
       Instr       Cycles      IPC      NumBr     MispBr BrPerCyc MispBrPerCyc        MR     MPKI      CycWP   CycWPAvg   CycWPPKI
    53761949     64092238   0.8388    7755130    1779172   0.1210       0.0278  22.9419%  33.0935   41887525    23.5433   779.1296
------------------------------------------------------------------------------------------------------------------------------------------------------------------------------------
 Read 53761949 instrs 

ExecTime = 552.3399510383606
