CMD:/Users/nik/C/cbp2025/cbp_perceptron /Users/nik/C/cbp2025/perceptron_data/traces/compress_7_trace.gz
5000000 instrs 
10000000 instrs 
15000000 instrs 
20000000 instrs 
25000000 instrs 
30000000 instrs 
35000000 instrs 
40000000 instrs 
45000000 instrs 
50000000 instrs 
55000000 instrs 
60000000 instrs 
65000000 instrs 
70000000 instrs 
75000000 instrs 
80000000 instrs 
85000000 instrs 
90000000 instrs 
95000000 instrs 
100000000 instrs 
105000000 instrs 
110000000 instrs 
115000000 instrs 
120000000 instrs 
125000000 instrs 
130000000 instrs 
EOF
WINDOW_SIZE = 1024
FETCH_WIDTH = 16
FETCH_NUM_BRANCH = 16
FETCH_STOP_AT_INDIRECT = 1
FETCH_STOP_AT_TAKEN = 1
FETCH_MODEL_ICACHE = 1
PERFECT_BRANCH_PRED = 0
PERFECT_INDIRECT_PRED = 1
PIPELINE_FILL_LATENCY = 10
NUM_LDST_LANES = 8
NUM_ALU_LANES = 16
MEMORY HIERARCHY CONFIGURATION---------------------
STRIDE Prefetcher = 1
PERFECT_CACHE = 0
WRITE_ALLOCATE = 1
Within-pipeline factors:
	AGEN latency = 1 cycle
	Store Queue (SQ): SQ size = window size, oracle memory disambiguation, store-load forwarding = 1 cycle after store's or load's agen.
	* Note: A store searches the L1$ at commit. The store is released
	* from the SQ and window, whether it hits or misses. Store misses
	* are buffered until the block is allocated and the store is
	* performed in the L1$. While buffered, conflicting loads get
	* the store's data as they would from the SQ.
I$: 128 KB, 8-way set-assoc., 64B block size
L1$: 128 KB, 8-way set-assoc., 64B block size, 3-cycle search latency
L2$: 4 MB, 8-way set-assoc., 64B block size, 12-cycle search latency
L3$: 32 MB, 16-way set-assoc., 128B block size, 50-cycle search latency
Main Memory: 150-cycle fixed search time
---------------------------STORE QUEUE MEASUREMENTS (Full Simulation i.e. Counts Not Reset When Warmup Ends)---------------------------
Number of loads: 27831304
Number of loads that miss in SQ: 24702424 (88.76%)
Number of PFs issued to the memory system 3172659
---------------------------------------------------------------------------------------------------------------------------------------
------------------------MEMORY HIERARCHY MEASUREMENTS (Full Simulation i.e. Counts Not Reset When Warmup Ends)-------------------------
I$:
	accesses   = 143423550
	misses     = 3741
	miss ratio = 0.00%
	pf accesses   = 0
	pf misses     = 0
	pf miss ratio = nan%
L1$:
	accesses   = 46731303
	misses     = 1561918
	miss ratio = 3.34%
	pf accesses   = 3172659
	pf misses     = 263235
	pf miss ratio = 8.30%
L2$:
	accesses   = 1565659
	misses     = 431347
	miss ratio = 27.55%
	pf accesses   = 263235
	pf misses     = 7148
	pf miss ratio = 2.72%
L3$:
	accesses   = 431347
	misses     = 153093
	miss ratio = 35.49%
	pf accesses   = 7148
	pf misses     = 1669
	pf miss ratio = 23.35%
---------------------------------------------------------------------------------------------------------------------------------------
----------------------------------------------Prefetcher (Full Simulation i.e. No Warmup)----------------------------------------------
Num Trainings :27831304
Num Prefetches generated :3404853
Num Prefetches issued :9366405
Num Prefetches filtered by PF queue :1641269
Num untimely prefetches dropped from PF queue :232194
Num prefetches not issued LDST contention :6193746
Num prefetches not issued stride 0 :7453234
---------------------------------------------------------------------------------------------------------------------------------------

-------------------------------ILP LIMIT STUDY (Full Simulation i.e. Counts Not Reset When Warmup Ends)--------------------------------
instructions = 130000052
cycles       = 30868974
CycWP        = 14618270
IPC          = 4.2113

---------------------------------------------------------------------------------------------------------------------------------------

-----------------------------------------------BRANCH PREDICTION MEASUREMENTS (Full Simulation i.e. Counts Not Reset When Warmup Ends)----------------------------------------------
Type                   NumBr     MispBr        mr     mpki
CondDirect         15042451     814363   5.4138%   6.2643
JumpDirect          1776967          0   0.0000%   0.0000
JumpIndirect          80975          0   0.0000%   0.0000
JumpReturn           451415          0   0.0000%   0.0000
Not control       126071742          0   0.0000%   0.0000
------------------------------------------------------------------------------------------------------------------------------------------------------------------------------------

------------------------------------------------------DIRECT CONDITIONAL BRANCH PREDICTION MEASUREMENTS (Last 10M instructions)-----------------------------------------------------
       Instr       Cycles      IPC      NumBr     MispBr BrPerCyc MispBrPerCyc        MR     MPKI      CycWP   CycWPAvg   CycWPPKI
    10000052      2145213   4.6616    1156351      44782   0.5390       0.0209   3.8727%   4.4782     938373    20.9542    93.8368
------------------------------------------------------------------------------------------------------------------------------------------------------------------------------------

------------------------------------------------------DIRECT CONDITIONAL BRANCH PREDICTION MEASUREMENTS (Last 25M instructions)-----------------------------------------------------
       Instr       Cycles      IPC      NumBr     MispBr BrPerCyc MispBrPerCyc        MR     MPKI      CycWP   CycWPAvg   CycWPPKI
    25000052      5492837   4.5514    2901507     127527   0.5282       0.0232   4.3952%   5.1011    2501268    19.6136   100.0505
-------------------------------------------------------------------------------------------------------------------------------------------------------------------------------------

---------------------------------------------------------DIRECT CONDITIONAL BRANCH PREDICTION MEASUREMENTS (50 Perc instructions)---------------------------------------------------
       Instr       Cycles      IPC      NumBr     MispBr BrPerCyc MispBrPerCyc        MR     MPKI      CycWP   CycWPAvg   CycWPPKI
    65000052     14754258   4.4055    7447474     352386   0.5048       0.0239   4.7316%   5.4213    6614190    18.7697   101.7567
------------------------------------------------------------------------------------------------------------------------------------------------------------------------------------

-------------------------------------DIRECT CONDITIONAL BRANCH PREDICTION MEASUREMENTS (Full Simulation i.e. Counts Not Reset When Warmup Ends)-------------------------------------
       Instr       Cycles      IPC      NumBr     MispBr BrPerCyc MispBrPerCyc        MR     MPKI      CycWP   CycWPAvg   CycWPPKI
   130000052     30868974   4.2113   15042451     814363   0.4873       0.0264   5.4138%   6.2643   14618270    17.9506   112.4482
------------------------------------------------------------------------------------------------------------------------------------------------------------------------------------
 Read 130000052 instrs 

ExecTime = 1165.0907218456268
