CMD:/Users/nik/C/cbp2025/cbp_perceptron /Users/nik/C/cbp2025/perceptron_data/traces/web_25_trace.gz
5000000 instrs 
10000000 instrs 
EOF
WINDOW_SIZE = 1024
FETCH_WIDTH = 16
FETCH_NUM_BRANCH = 16
FETCH_STOP_AT_INDIRECT = 1
FETCH_STOP_AT_TAKEN = 1
FETCH_MODEL_ICACHE = 1
PERFECT_BRANCH_PRED = 0
PERFECT_INDIRECT_PRED = 1
PIPELINE_FILL_LATENCY = 10
NUM_LDST_LANES = 8
NUM_ALU_LANES = 16
MEMORY HIERARCHY CONFIGURATION---------------------
STRIDE Prefetcher = 1
PERFECT_CACHE = 0
WRITE_ALLOCATE = 1
Within-pipeline factors:
	AGEN latency = 1 cycle
	Store Queue (SQ): SQ size = window size, oracle memory disambiguation, store-load forwarding = 1 cycle after store's or load's agen.
	* Note: A store searches the L1$ at commit. The store is released
	* from the SQ and window, whether it hits or misses. Store misses
	* are buffered until the block is allocated and the store is
	* performed in the L1$. While buffered, conflicting loads get
	* the store's data as they would from the SQ.
I$: 128 KB, 8-way set-assoc., 64B block size
L1$: 128 KB, 8-way set-assoc., 64B block size, 3-cycle search latency
L2$: 4 MB, 8-way set-assoc., 64B block size, 12-cycle search latency
L3$: 32 MB, 16-way set-assoc., 128B block size, 50-cycle search latency
Main Memory: 150-cycle fixed search time
---------------------------STORE QUEUE MEASUREMENTS (Full Simulation i.e. Counts Not Reset When Warmup Ends)---------------------------
Number of loads: 4415777
Number of loads that miss in SQ: 3873009 (87.71%)
Number of PFs issued to the memory system 219576
---------------------------------------------------------------------------------------------------------------------------------------
------------------------MEMORY HIERARCHY MEASUREMENTS (Full Simulation i.e. Counts Not Reset When Warmup Ends)-------------------------
I$:
	accesses   = 16640979
	misses     = 62955
	miss ratio = 0.38%
	pf accesses   = 0
	pf misses     = 0
	pf miss ratio = nan%
L1$:
	accesses   = 6143019
	misses     = 121318
	miss ratio = 1.97%
	pf accesses   = 219576
	pf misses     = 5106
	pf miss ratio = 2.33%
L2$:
	accesses   = 184273
	misses     = 39224
	miss ratio = 21.29%
	pf accesses   = 5106
	pf misses     = 400
	pf miss ratio = 7.83%
L3$:
	accesses   = 39224
	misses     = 22064
	miss ratio = 56.25%
	pf accesses   = 400
	pf misses     = 205
	pf miss ratio = 51.25%
---------------------------------------------------------------------------------------------------------------------------------------
----------------------------------------------Prefetcher (Full Simulation i.e. No Warmup)----------------------------------------------
Num Trainings :4415777
Num Prefetches generated :220988
Num Prefetches issued :405554
Num Prefetches filtered by PF queue :6852
Num untimely prefetches dropped from PF queue :1412
Num prefetches not issued LDST contention :185978
Num prefetches not issued stride 0 :1145425
---------------------------------------------------------------------------------------------------------------------------------------

-------------------------------ILP LIMIT STUDY (Full Simulation i.e. Counts Not Reset When Warmup Ends)--------------------------------
instructions = 14999989
cycles       = 11643294
CycWP        = 7651363
IPC          = 1.2883

---------------------------------------------------------------------------------------------------------------------------------------

-----------------------------------------------BRANCH PREDICTION MEASUREMENTS (Full Simulation i.e. Counts Not Reset When Warmup Ends)----------------------------------------------
Type                   NumBr     MispBr        mr     mpki
CondDirect          2548670     318808  12.5088%  21.2539
JumpDirect           181682          0   0.0000%   0.0000
JumpIndirect          98902          0   0.0000%   0.0000
JumpReturn           139852          0   0.0000%   0.0000
Not control        13671873          0   0.0000%   0.0000
------------------------------------------------------------------------------------------------------------------------------------------------------------------------------------

------------------------------------------------------DIRECT CONDITIONAL BRANCH PREDICTION MEASUREMENTS (Last 10M instructions)-----------------------------------------------------
       Instr       Cycles      IPC      NumBr     MispBr BrPerCyc MispBrPerCyc        MR     MPKI      CycWP   CycWPAvg   CycWPPKI
    10999989      6737415   1.6327    1870860     209640   0.2777       0.0311  11.2055%  19.0582    5103232    24.3428   463.9306
------------------------------------------------------------------------------------------------------------------------------------------------------------------------------------

------------------------------------------------------DIRECT CONDITIONAL BRANCH PREDICTION MEASUREMENTS (Last 25M instructions)-----------------------------------------------------
       Instr       Cycles      IPC      NumBr     MispBr BrPerCyc MispBrPerCyc        MR     MPKI      CycWP   CycWPAvg   CycWPPKI
    14999989     11643294   1.2883    2548670     318808   0.2189       0.0274  12.5088%  21.2539    7651363    23.9999   510.0912
-------------------------------------------------------------------------------------------------------------------------------------------------------------------------------------

---------------------------------------------------------DIRECT CONDITIONAL BRANCH PREDICTION MEASUREMENTS (50 Perc instructions)---------------------------------------------------
       Instr       Cycles      IPC      NumBr     MispBr BrPerCyc MispBrPerCyc        MR     MPKI      CycWP   CycWPAvg   CycWPPKI
     7999989      4784775   1.6720    1342253     149278   0.2805       0.0312  11.1215%  18.6598    3673572    24.6089   459.1971
------------------------------------------------------------------------------------------------------------------------------------------------------------------------------------

-------------------------------------DIRECT CONDITIONAL BRANCH PREDICTION MEASUREMENTS (Full Simulation i.e. Counts Not Reset When Warmup Ends)-------------------------------------
       Instr       Cycles      IPC      NumBr     MispBr BrPerCyc MispBrPerCyc        MR     MPKI      CycWP   CycWPAvg   CycWPPKI
    14999989     11643294   1.2883    2548670     318808   0.2189       0.0274  12.5088%  21.2539    7651363    23.9999   510.0912
------------------------------------------------------------------------------------------------------------------------------------------------------------------------------------
 Read 14999989 instrs 

ExecTime = 176.78841972351074
