CMD:./cbp_perceptron /Users/nik/C/cbp2025/perceptron_data/traces/compress_7_trace.gz
5000000 instrs 
10000000 instrs 
15000000 instrs 
20000000 instrs 
25000000 instrs 
30000000 instrs 
35000000 instrs 
40000000 instrs 
45000000 instrs 
50000000 instrs 
55000000 instrs 
60000000 instrs 
65000000 instrs 
70000000 instrs 
75000000 instrs 
80000000 instrs 
85000000 instrs 
90000000 instrs 
95000000 instrs 
100000000 instrs 
105000000 instrs 
110000000 instrs 
115000000 instrs 
120000000 instrs 
125000000 instrs 
130000000 instrs 
EOF
WINDOW_SIZE = 1024
FETCH_WIDTH = 16
FETCH_NUM_BRANCH = 16
FETCH_STOP_AT_INDIRECT = 1
FETCH_STOP_AT_TAKEN = 1
FETCH_MODEL_ICACHE = 1
PERFECT_BRANCH_PRED = 0
PERFECT_INDIRECT_PRED = 1
PIPELINE_FILL_LATENCY = 10
NUM_LDST_LANES = 8
NUM_ALU_LANES = 16
MEMORY HIERARCHY CONFIGURATION---------------------
STRIDE Prefetcher = 1
PERFECT_CACHE = 0
WRITE_ALLOCATE = 1
Within-pipeline factors:
	AGEN latency = 1 cycle
	Store Queue (SQ): SQ size = window size, oracle memory disambiguation, store-load forwarding = 1 cycle after store's or load's agen.
	* Note: A store searches the L1$ at commit. The store is released
	* from the SQ and window, whether it hits or misses. Store misses
	* are buffered until the block is allocated and the store is
	* performed in the L1$. While buffered, conflicting loads get
	* the store's data as they would from the SQ.
I$: 128 KB, 8-way set-assoc., 64B block size
L1$: 128 KB, 8-way set-assoc., 64B block size, 3-cycle search latency
L2$: 4 MB, 8-way set-assoc., 64B block size, 12-cycle search latency
L3$: 32 MB, 16-way set-assoc., 128B block size, 50-cycle search latency
Main Memory: 150-cycle fixed search time
---------------------------STORE QUEUE MEASUREMENTS (Full Simulation i.e. Counts Not Reset When Warmup Ends)---------------------------
Number of loads: 27831304
Number of loads that miss in SQ: 24942285 (89.62%)
Number of PFs issued to the memory system 3171957
---------------------------------------------------------------------------------------------------------------------------------------
------------------------MEMORY HIERARCHY MEASUREMENTS (Full Simulation i.e. Counts Not Reset When Warmup Ends)-------------------------
I$:
	accesses   = 143423550
	misses     = 3741
	miss ratio = 0.00%
	pf accesses   = 0
	pf misses     = 0
	pf miss ratio = nan%
L1$:
	accesses   = 46731303
	misses     = 1559593
	miss ratio = 3.34%
	pf accesses   = 3171957
	pf misses     = 265552
	pf miss ratio = 8.37%
L2$:
	accesses   = 1563334
	misses     = 431658
	miss ratio = 27.61%
	pf accesses   = 265552
	pf misses     = 6837
	pf miss ratio = 2.57%
L3$:
	accesses   = 431658
	misses     = 153088
	miss ratio = 35.47%
	pf accesses   = 6837
	pf misses     = 1674
	pf miss ratio = 24.48%
---------------------------------------------------------------------------------------------------------------------------------------
----------------------------------------------Prefetcher (Full Simulation i.e. No Warmup)----------------------------------------------
Num Trainings :27831304
Num Prefetches generated :3405732
Num Prefetches issued :9265629
Num Prefetches filtered by PF queue :1640390
Num untimely prefetches dropped from PF queue :233775
Num prefetches not issued LDST contention :6093672
Num prefetches not issued stride 0 :7453234
---------------------------------------------------------------------------------------------------------------------------------------

-------------------------------ILP LIMIT STUDY (Full Simulation i.e. Counts Not Reset When Warmup Ends)--------------------------------
instructions = 130000052
cycles       = 34136878
CycWP        = 18013656
IPC          = 3.8082

---------------------------------------------------------------------------------------------------------------------------------------

-----------------------------------------------BRANCH PREDICTION MEASUREMENTS (Full Simulation i.e. Counts Not Reset When Warmup Ends)----------------------------------------------
Type                   NumBr     MispBr        mr     mpki
CondDirect         15042451    1008682   6.7056%   7.7591
JumpDirect          1776967          0   0.0000%   0.0000
JumpIndirect          80975          0   0.0000%   0.0000
JumpReturn           451415          0   0.0000%   0.0000
Not control       126071742          0   0.0000%   0.0000
------------------------------------------------------------------------------------------------------------------------------------------------------------------------------------

------------------------------------------------------DIRECT CONDITIONAL BRANCH PREDICTION MEASUREMENTS (Last 10M instructions)-----------------------------------------------------
       Instr       Cycles      IPC      NumBr     MispBr BrPerCyc MispBrPerCyc        MR     MPKI      CycWP   CycWPAvg   CycWPPKI
    10000052      2356273   4.2440    1156351      57884   0.4908       0.0246   5.0057%   5.7884    1153986    19.9362   115.3980
------------------------------------------------------------------------------------------------------------------------------------------------------------------------------------

------------------------------------------------------DIRECT CONDITIONAL BRANCH PREDICTION MEASUREMENTS (Last 25M instructions)-----------------------------------------------------
       Instr       Cycles      IPC      NumBr     MispBr BrPerCyc MispBrPerCyc        MR     MPKI      CycWP   CycWPAvg   CycWPPKI
    25000052      6035006   4.1425    2901507     160732   0.4808       0.0266   5.5396%   6.4293    3057451    19.0220   122.2978
-------------------------------------------------------------------------------------------------------------------------------------------------------------------------------------

---------------------------------------------------------DIRECT CONDITIONAL BRANCH PREDICTION MEASUREMENTS (50 Perc instructions)---------------------------------------------------
       Instr       Cycles      IPC      NumBr     MispBr BrPerCyc MispBrPerCyc        MR     MPKI      CycWP   CycWPAvg   CycWPPKI
    65000052     16472235   3.9460    7447474     455466   0.4521       0.0277   6.1157%   7.0072    8384761    18.4092   128.9962
------------------------------------------------------------------------------------------------------------------------------------------------------------------------------------

-------------------------------------DIRECT CONDITIONAL BRANCH PREDICTION MEASUREMENTS (Full Simulation i.e. Counts Not Reset When Warmup Ends)-------------------------------------
       Instr       Cycles      IPC      NumBr     MispBr BrPerCyc MispBrPerCyc        MR     MPKI      CycWP   CycWPAvg   CycWPPKI
   130000052     34136878   3.8082   15042451    1008682   0.4407       0.0295   6.7056%   7.7591   18013656    17.8586   138.5665
------------------------------------------------------------------------------------------------------------------------------------------------------------------------------------
 Read 130000052 instrs 

ExecTime = 1184.270420074463
