CMD:./cbp_perceptron /Users/nik/C/cbp2025/perceptron_data/traces/compress_7_trace.gz
5000000 instrs 
10000000 instrs 
15000000 instrs 
20000000 instrs 
25000000 instrs 
30000000 instrs 
35000000 instrs 
40000000 instrs 
45000000 instrs 
50000000 instrs 
55000000 instrs 
60000000 instrs 
65000000 instrs 
70000000 instrs 
75000000 instrs 
80000000 instrs 
85000000 instrs 
90000000 instrs 
95000000 instrs 
100000000 instrs 
105000000 instrs 
110000000 instrs 
115000000 instrs 
120000000 instrs 
125000000 instrs 
130000000 instrs 
EOF
WINDOW_SIZE = 1024
FETCH_WIDTH = 16
FETCH_NUM_BRANCH = 16
FETCH_STOP_AT_INDIRECT = 1
FETCH_STOP_AT_TAKEN = 1
FETCH_MODEL_ICACHE = 1
PERFECT_BRANCH_PRED = 0
PERFECT_INDIRECT_PRED = 1
PIPELINE_FILL_LATENCY = 10
NUM_LDST_LANES = 8
NUM_ALU_LANES = 16
MEMORY HIERARCHY CONFIGURATION---------------------
STRIDE Prefetcher = 1
PERFECT_CACHE = 0
WRITE_ALLOCATE = 1
Within-pipeline factors:
	AGEN latency = 1 cycle
	Store Queue (SQ): SQ size = window size, oracle memory disambiguation, store-load forwarding = 1 cycle after store's or load's agen.
	* Note: A store searches the L1$ at commit. The store is released
	* from the SQ and window, whether it hits or misses. Store misses
	* are buffered until the block is allocated and the store is
	* performed in the L1$. While buffered, conflicting loads get
	* the store's data as they would from the SQ.
I$: 128 KB, 8-way set-assoc., 64B block size
L1$: 128 KB, 8-way set-assoc., 64B block size, 3-cycle search latency
L2$: 4 MB, 8-way set-assoc., 64B block size, 12-cycle search latency
L3$: 32 MB, 16-way set-assoc., 128B block size, 50-cycle search latency
Main Memory: 150-cycle fixed search time
---------------------------STORE QUEUE MEASUREMENTS (Full Simulation i.e. Counts Not Reset When Warmup Ends)---------------------------
Number of loads: 27831304
Number of loads that miss in SQ: 24069902 (86.48%)
Number of PFs issued to the memory system 3176964
---------------------------------------------------------------------------------------------------------------------------------------
------------------------MEMORY HIERARCHY MEASUREMENTS (Full Simulation i.e. Counts Not Reset When Warmup Ends)-------------------------
I$:
	accesses   = 143423550
	misses     = 3741
	miss ratio = 0.00%
	pf accesses   = 0
	pf misses     = 0
	pf miss ratio = nan%
L1$:
	accesses   = 46731303
	misses     = 1560650
	miss ratio = 3.34%
	pf accesses   = 3176964
	pf misses     = 264516
	pf miss ratio = 8.33%
L2$:
	accesses   = 1564391
	misses     = 431466
	miss ratio = 27.58%
	pf accesses   = 264516
	pf misses     = 7036
	pf miss ratio = 2.66%
L3$:
	accesses   = 431466
	misses     = 153161
	miss ratio = 35.50%
	pf accesses   = 7036
	pf misses     = 1601
	pf miss ratio = 22.75%
---------------------------------------------------------------------------------------------------------------------------------------
----------------------------------------------Prefetcher (Full Simulation i.e. No Warmup)----------------------------------------------
Num Trainings :27831304
Num Prefetches generated :3408281
Num Prefetches issued :9507331
Num Prefetches filtered by PF queue :1637841
Num untimely prefetches dropped from PF queue :231317
Num prefetches not issued LDST contention :6330367
Num prefetches not issued stride 0 :7453234
---------------------------------------------------------------------------------------------------------------------------------------

-------------------------------ILP LIMIT STUDY (Full Simulation i.e. Counts Not Reset When Warmup Ends)--------------------------------
instructions = 130000052
cycles       = 28228842
CycWP        = 11932767
IPC          = 4.6052

---------------------------------------------------------------------------------------------------------------------------------------

-----------------------------------------------BRANCH PREDICTION MEASUREMENTS (Full Simulation i.e. Counts Not Reset When Warmup Ends)----------------------------------------------
Type                   NumBr     MispBr        mr     mpki
CondDirect         15042451     609902   4.0545%   4.6916
JumpDirect          1776967          0   0.0000%   0.0000
JumpIndirect          80975          0   0.0000%   0.0000
JumpReturn           451415          0   0.0000%   0.0000
Not control       126071742          0   0.0000%   0.0000
------------------------------------------------------------------------------------------------------------------------------------------------------------------------------------

------------------------------------------------------DIRECT CONDITIONAL BRANCH PREDICTION MEASUREMENTS (Last 10M instructions)-----------------------------------------------------
       Instr       Cycles      IPC      NumBr     MispBr BrPerCyc MispBrPerCyc        MR     MPKI      CycWP   CycWPAvg   CycWPPKI
    10000052      2035077   4.9138    1156351      38523   0.5682       0.0189   3.3314%   3.8523     824663    21.4070    82.4659
------------------------------------------------------------------------------------------------------------------------------------------------------------------------------------

------------------------------------------------------DIRECT CONDITIONAL BRANCH PREDICTION MEASUREMENTS (Last 25M instructions)-----------------------------------------------------
       Instr       Cycles      IPC      NumBr     MispBr BrPerCyc MispBrPerCyc        MR     MPKI      CycWP   CycWPAvg   CycWPPKI
    25000052      5202199   4.8057    2901507     108993   0.5577       0.0210   3.7564%   4.3597    2205342    20.2338    88.2135
-------------------------------------------------------------------------------------------------------------------------------------------------------------------------------------

---------------------------------------------------------DIRECT CONDITIONAL BRANCH PREDICTION MEASUREMENTS (50 Perc instructions)---------------------------------------------------
       Instr       Cycles      IPC      NumBr     MispBr BrPerCyc MispBrPerCyc        MR     MPKI      CycWP   CycWPAvg   CycWPPKI
    65000052     13861054   4.6894    7447474     287523   0.5373       0.0207   3.8607%   4.4234    5700115    19.8249    87.6940
------------------------------------------------------------------------------------------------------------------------------------------------------------------------------------

-------------------------------------DIRECT CONDITIONAL BRANCH PREDICTION MEASUREMENTS (Full Simulation i.e. Counts Not Reset When Warmup Ends)-------------------------------------
       Instr       Cycles      IPC      NumBr     MispBr BrPerCyc MispBrPerCyc        MR     MPKI      CycWP   CycWPAvg   CycWPPKI
   130000052     28228842   4.6052   15042451     609902   0.5329       0.0216   4.0545%   4.6916   11932767    19.5651    91.7905
------------------------------------------------------------------------------------------------------------------------------------------------------------------------------------
 Read 130000052 instrs 

ExecTime = 1168.832083940506
